Using pre-set license
Built from '2020.3/staging' branch; Version is '2020.3.33f1 (915a7af8b0d5) revision 9525882'; Using compiler version '192528614'; Build Type 'Release'
OS: 'Windows 10  (10.0.19044) 64bit Professional' Language: 'ko' Physical Memory: 32538 MB
BatchMode: 1, IsHumanControllingUs: 0, StartBugReporterOnCrash: 0, Is64bit: 1, IsPro: 0

COMMAND LINE ARGUMENTS:
D:\UnityEditor\2020.3.33f1\Editor\Unity.exe
-adb2
-batchMode
-noUpm
-name
AssetImportWorker0
-projectPath
C:/Users/admin/Git/Virtua_Cop_VR_IFR_Extension/Virtua_Cop_FR_STUDY
-logFile
Logs/AssetImportWorker0.log
-srvPort
10905
Successfully changed project path to: C:/Users/admin/Git/Virtua_Cop_VR_IFR_Extension/Virtua_Cop_FR_STUDY
C:/Users/admin/Git/Virtua_Cop_VR_IFR_Extension/Virtua_Cop_FR_STUDY
Using Asset Import Pipeline V2.
Refreshing native plugins compatible for Editor in 75.37 ms, found 21 plugins.
Preloading 1 native plugins for Editor in 0.52 ms.
Initialize engine version: 2020.3.33f1 (915a7af8b0d5)
[Subsystems] Discovering subsystems at path D:/UnityEditor/2020.3.33f1/Editor/Data/Resources/UnitySubsystems
[Subsystems] Discovering subsystems at path C:/Users/admin/Git/Virtua_Cop_VR_IFR_Extension/Virtua_Cop_FR_STUDY/Assets
GfxDevice: creating device client; threaded=0
Direct3D:
    Version:  Direct3D 11.0 [level 11.1]
    Renderer: NVIDIA GeForce RTX 3070 Ti (ID=0x2482)
    Vendor:   
    VRAM:     8041 MB
    Driver:   30.0.14.7212
Shader 'Custom/AdditiveTintable': fallback shader 'Particles/Additive (Soft)' not found
Initialize mono
Mono path[0] = 'D:/UnityEditor/2020.3.33f1/Editor/Data/Managed'
Mono path[1] = 'D:/UnityEditor/2020.3.33f1/Editor/Data/MonoBleedingEdge/lib/mono/unityjit'
Mono config path = 'D:/UnityEditor/2020.3.33f1/Editor/Data/MonoBleedingEdge/etc'
Using monoOptions --debugger-agent=transport=dt_socket,embedding=1,server=y,suspend=n,address=127.0.0.1:56140
Begin MonoManager ReloadAssembly
Registering precompiled unity dll's ...
Register platform support module: D:/UnityEditor/2020.3.33f1/Editor/Data/PlaybackEngines/WindowsStandaloneSupport/UnityEditor.WindowsStandalone.Extensions.dll
Registered in 0.000540 seconds.
Native extension for WindowsStandalone target not found
Refreshing native plugins compatible for Editor in 64.34 ms, found 21 plugins.
Preloading 1 native plugins for Editor in 0.05 ms.
Mono: successfully reloaded assembly
- Completed reload, in  0.346 seconds
Domain Reload Profiling:
	ReloadAssembly (346ms)
		BeginReloadAssembly (31ms)
			ExecutionOrderSort (0ms)
			DisableScriptedObjects (0ms)
			BackupInstance (0ms)
			ReleaseScriptingObjects (0ms)
			CreateAndSetChildDomain (0ms)
		EndReloadAssembly (278ms)
			LoadAssemblies (31ms)
			RebuildTransferFunctionScriptingTraits (0ms)
			SetupTypeCache (74ms)
			ReleaseScriptCaches (0ms)
			RebuildScriptCaches (16ms)
			SetupLoadedEditorAssemblies (134ms)
				LogAssemblyErrors (0ms)
				InitializePlatformSupportModulesInManaged (2ms)
				SetLoadedEditorAssemblies (0ms)
				RefreshPlugins (64ms)
				BeforeProcessingInitializeOnLoad (9ms)
				ProcessInitializeOnLoadAttributes (44ms)
				ProcessInitializeOnLoadMethodAttributes (15ms)
				AfterProcessingInitializeOnLoad (0ms)
				EditorAssembliesLoaded (0ms)
			ExecutionOrderSort2 (0ms)
			AwakeInstancesAfterBackupRestoration (0ms)
Platform modules already initialized, skipping
Registering precompiled user dll's ...
Registered in 0.004729 seconds.
Begin MonoManager ReloadAssembly
Symbol file LoadedFromMemory doesn't match image C:\Users\admin\Git\Virtua_Cop_VR_IFR_Extension\Virtua_Cop_FR_STUDY\Library\PackageCache\com.unity.collab-proxy@1.15.15\Lib\Editor\PlasticSCM\unityplastic.dll
Native extension for WindowsStandalone target not found
Refreshing native plugins compatible for Editor in 66.05 ms, found 21 plugins.
Preloading 1 native plugins for Editor in 0.04 ms.
[XR] OculusXRPlugin: registering subsystems
[XR] Unable to register display lifecyle provider: [1]
[XR] Oculus Input lifecycle provider registered.
[XR] Unable to register input lifecyle provider: [1]
System.Reflection.TargetInvocationException: Exception has been thrown by the target of an invocation. ---> System.NullReferenceException: Object reference not set to an instance of an object
  at Unity.XR.Oculus.OculusLoader.AssetPathToAbsolutePath (System.String assetPath) [0x00048] in E:\Virtua Cop Project (IFR)\Virtua_Cop_FR_STUDY\Library\PackageCache\com.unity.xr.oculus@1.12.0\Runtime\OculusLoader.cs:251 
  at Unity.XR.Oculus.OculusLoader.EditorLoadOVRPlugin () [0x0007b] in E:\Virtua Cop Project (IFR)\Virtua_Cop_FR_STUDY\Library\PackageCache\com.unity.xr.oculus@1.12.0\Runtime\OculusLoader.cs:236 
  at (wrapper managed-to-native) System.Reflection.MonoMethod.InternalInvoke(System.Reflection.MonoMethod,object,object[],System.Exception&)
  at System.Reflection.MonoMethod.Invoke (System.Object obj, System.Reflection.BindingFlags invokeAttr, System.Reflection.Binder binder, System.Object[] parameters, System.Globalization.CultureInfo culture) [0x00032] in <695d1cc93cca45069c528c15c9fdd749>:0 
   --- End of inner exception stack trace ---
  at System.Reflection.MonoMethod.Invoke (System.Object obj, System.Reflection.BindingFlags invokeAttr, System.Reflection.Binder binder, System.Object[] parameters, System.Globalization.CultureInfo culture) [0x00048] in <695d1cc93cca45069c528c15c9fdd749>:0 
  at System.Reflection.MethodBase.Invoke (System.Object obj, System.Object[] parameters) [0x00000] in <695d1cc93cca45069c528c15c9fdd749>:0 
  at UnityEditor.EditorAssemblies.ProcessInitializeOnLoadMethodAttributes () [0x00047] in <3371b3e2e5754acd87e600e068350da5>:0 
UnityEngine.StackTraceUtility:ExtractStackTrace ()
UnityEngine.DebugLogHandler:LogFormat (UnityEngine.LogType,UnityEngine.Object,string,object[])
UnityEngine.Logger:Log (UnityEngine.LogType,object)
UnityEngine.Debug:LogError (object)
UnityEditor.EditorAssemblies:ProcessInitializeOnLoadMethodAttributes ()

Mono: successfully reloaded assembly
- Completed reload, in  0.839 seconds
Domain Reload Profiling:
	ReloadAssembly (839ms)
		BeginReloadAssembly (76ms)
			ExecutionOrderSort (0ms)
			DisableScriptedObjects (2ms)
			BackupInstance (0ms)
			ReleaseScriptingObjects (0ms)
			CreateAndSetChildDomain (11ms)
		EndReloadAssembly (731ms)
			LoadAssemblies (60ms)
			RebuildTransferFunctionScriptingTraits (0ms)
			SetupTypeCache (199ms)
			ReleaseScriptCaches (0ms)
			RebuildScriptCaches (38ms)
			SetupLoadedEditorAssemblies (368ms)
				LogAssemblyErrors (0ms)
				InitializePlatformSupportModulesInManaged (2ms)
				SetLoadedEditorAssemblies (0ms)
				RefreshPlugins (66ms)
				BeforeProcessingInitializeOnLoad (75ms)
				ProcessInitializeOnLoadAttributes (165ms)
				ProcessInitializeOnLoadMethodAttributes (58ms)
				AfterProcessingInitializeOnLoad (1ms)
				EditorAssembliesLoaded (0ms)
			ExecutionOrderSort2 (0ms)
			AwakeInstancesAfterBackupRestoration (3ms)
Platform modules already initialized, skipping
========================================================================
Worker process is ready to serve import requests
Shader 'Custom/AdditiveTintable': fallback shader 'Particles/Additive (Soft)' not found
Launched and connected shader compiler UnityShaderCompiler.exe after 0.02 seconds
Refreshing native plugins compatible for Editor in 1.05 ms, found 21 plugins.
Preloading 1 native plugins for Editor in 0.05 ms.
Unloading 4836 Unused Serialized files (Serialized files now loaded: 0)
System memory in use before: 292.1 MB.
System memory in use after: 292.4 MB.

Unloading 99 unused Assets to reduce memory usage. Loaded Objects now: 5263.
Total: 4.430800 ms (FindLiveObjects: 0.201700 ms CreateObjectMapping: 0.098000 ms MarkObjects: 4.047000 ms  DeleteObjects: 0.083600 ms)

AssetImportParameters requested are different than current active one (requested -> active):
  custom:framework-win-MediaFoundation: 216162199b28c13a410421893ffa2e32 -> 
  custom:video-decoder-ogg-theora: a1e56fd34408186e4bbccfd4996cb3dc -> 
  custom:container-muxer-webm: aa71ff27fc2769a1b78a27578f13a17b -> 
  custom:container-demuxer-webm: 4f35f7cbe854078d1ac9338744f61a02 -> 
  custom:container-demuxer-ogg: 62fdf1f143b41e24485cea50d1cbac27 -> 
  custom:video-encoder-webm-vp8: eb34c28f22e8b96e1ab97ce403110664 -> 
  custom:video-decoder-webm-vp8: 9c59270c3fd7afecdb556c50c9e8de78 -> 
  custom:audio-decoder-ogg-vorbis: bf7c407c2cedff20999df2af8eb42d56 -> 
  custom:audio-encoder-webm-vorbis: bf7c407c2cedff20999df2af8eb42d56 -> 
========================================================================
Received Import Request.
  path: Assets/Map Asset/Fantasy Forest Environment Free Sample
  artifactKey: Guid(6d7af1b5840b7034d93ffd8123af5ee1) Importer(815301076,1909f56bfc062723c751e8b465ee728b)
Start importing Assets/Map Asset/Fantasy Forest Environment Free Sample using Guid(6d7af1b5840b7034d93ffd8123af5ee1) Importer(815301076,1909f56bfc062723c751e8b465ee728b)  -> (artifact id: '9dbfabf7b7870bc83f374e0b5b4ff6ac') in 0.006326 seconds 
========================================================================
Received Import Request.
  Time since last request: 18.549775 seconds.
  path: Assets/Map Asset/Fantasy Forest Environment Free Sample/Meshes/Source/grass01.FBX
  artifactKey: Guid(4de33cfabd2a0a64caa7f20596f00adf) Importer(815301076,1909f56bfc062723c751e8b465ee728b)
Start importing Assets/Map Asset/Fantasy Forest Environment Free Sample/Meshes/Source/grass01.FBX using Guid(4de33cfabd2a0a64caa7f20596f00adf) Importer(815301076,1909f56bfc062723c751e8b465ee728b)  -> (artifact id: '32b422554023e7b26c354f77ab4886ef') in 0.120127 seconds 
========================================================================
Received Import Request.
  Time since last request: 0.000106 seconds.
  path: Assets/Map Asset/Fantasy Forest Environment Free Sample/Meshes/Source/tree_1.fbx
  artifactKey: Guid(4735160b42a3154428094dff59ef0f4e) Importer(815301076,1909f56bfc062723c751e8b465ee728b)
Start importing Assets/Map Asset/Fantasy Forest Environment Free Sample/Meshes/Source/tree_1.fbx using Guid(4735160b42a3154428094dff59ef0f4e) Importer(815301076,1909f56bfc062723c751e8b465ee728b)  -> (artifact id: '2d26e1849aca52cd48add86a1ed55922') in 0.117746 seconds 
========================================================================
Received Import Request.
  Time since last request: 20.806552 seconds.
  path: Assets/Map Asset
  artifactKey: Guid(3b42535f0a0e4c04480056385028149a) Importer(815301076,1909f56bfc062723c751e8b465ee728b)
Start importing Assets/Map Asset using Guid(3b42535f0a0e4c04480056385028149a) Importer(815301076,1909f56bfc062723c751e8b465ee728b)  -> (artifact id: 'ac2045ce228e09504a4ee72feacd8aaa') in 0.005597 seconds 
AssetImportWorkerClient::OnTransportError - code=2 error=End of file
